# JRE version: OpenJDK Runtime Environment Temurin-17.0.11+9 (17.0.11+9) (build 17.0.11+9)
# Java VM: OpenJDK 64-Bit Server VM Temurin-17.0.11+9 (17.0.11+9, mixed mode, tiered, compressed oops, compressed class ptrs, parallel gc, windows-amd64)
GC Precious Log:
 CPUs: 8 total, 8 available
 Memory: 7997M
 Large Page Support: Disabled
 NUMA Support: Disabled
 Compressed Oops: Enabled (32-bit)
 Alignments: Space 512K, Generation 512K, Heap 2M
 Heap Min Capacity: 100M
 Heap Initial Capacity: 100M
 Heap Max Capacity: 1G
 Pre-touch: Disabled
 Parallel Workers: 8
Heap:
 PSYoungGen      total 22528K, used 19181K [0x00000000eab00000, 0x00000000ec580000, 0x0000000100000000)
  eden space 22016K, 84% used [0x00000000eab00000,0x00000000ebd3b518,0x00000000ec080000)
  from space 512K, 100% used [0x00000000ec500000,0x00000000ec580000,0x00000000ec580000)
  to   space 2560K, 0% used [0x00000000ec080000,0x00000000ec080000,0x00000000ec300000)
 ParOldGen       total 68608K, used 19161K [0x00000000c0000000, 0x00000000c4300000, 0x00000000eab00000)
  object space 68608K, 27% used [0x00000000c0000000,0x00000000c12b6648,0x00000000c4300000)
 Metaspace       used 48599K, committed 49600K, reserved 1114112K
  class space    used 5219K, committed 5632K, reserved 1048576K
GC Heap History (20 events):
Event: 3.957 GC heap before
{Heap before GC invocations=9 (full 1):
 PSYoungGen      total 27136K, used 27092K [0x00000000eab00000, 0x00000000eca00000, 0x0000000100000000)
  eden space 24576K, 99% used [0x00000000eab00000,0x00000000ec2f9700,0x00000000ec300000)
  from space 2560K, 99% used [0x00000000ec580000,0x00000000ec7fbc60,0x00000000ec800000)
  to   space 2048K, 0% used [0x00000000ec800000,0x00000000ec800000,0x00000000eca00000)
 ParOldGen       total 68608K, used 11053K [0x00000000c0000000, 0x00000000c4300000, 0x00000000eab00000)
  object space 68608K, 16% used [0x00000000c0000000,0x00000000c0acb4d0,0x00000000c4300000)
 Metaspace       used 29752K, committed 30464K, reserved 1114112K
  class space    used 2986K, committed 3264K, reserved 1048576K
}
Event: 3.959 GC heap after
{Heap after GC invocations=9 (full 1):
 PSYoungGen      total 26112K, used 2025K [0x00000000eab00000, 0x00000000eca00000, 0x0000000100000000)
  eden space 24064K, 0% used [0x00000000eab00000,0x00000000eab00000,0x00000000ec280000)
  from space 2048K, 98% used [0x00000000ec800000,0x00000000ec9fa688,0x00000000eca00000)
  to   space 3584K, 0% used [0x00000000ec300000,0x00000000ec300000,0x00000000ec680000)
 ParOldGen       total 68608K, used 12083K [0x00000000c0000000, 0x00000000c4300000, 0x00000000eab00000)
  object space 68608K, 17% used [0x00000000c0000000,0x00000000c0bcce20,0x00000000c4300000)
 Metaspace       used 29752K, committed 30464K, reserved 1114112K
  class space    used 2986K, committed 3264K, reserved 1048576K
}
Event: 4.171 GC heap before
{Heap before GC invocations=10 (full 1):
 PSYoungGen      total 26112K, used 26089K [0x00000000eab00000, 0x00000000eca00000, 0x0000000100000000)
  eden space 24064K, 100% used [0x00000000eab00000,0x00000000ec280000,0x00000000ec280000)
  from space 2048K, 98% used [0x00000000ec800000,0x00000000ec9fa688,0x00000000eca00000)
  to   space 3584K, 0% used [0x00000000ec300000,0x00000000ec300000,0x00000000ec680000)
 ParOldGen       total 68608K, used 12083K [0x00000000c0000000, 0x00000000c4300000, 0x00000000eab00000)
  object space 68608K, 17% used [0x00000000c0000000,0x00000000c0bcce20,0x00000000c4300000)
 Metaspace       used 32994K, committed 33792K, reserved 1114112K
  class space    used 3234K, committed 3584K, reserved 1048576K
}
Event: 4.174 GC heap after
{Heap after GC invocations=10 (full 1):
 PSYoungGen      total 26624K, used 2916K [0x00000000eab00000, 0x00000000ec880000, 0x0000000100000000)
  eden space 23552K, 0% used [0x00000000eab00000,0x00000000eab00000,0x00000000ec200000)
  from space 3072K, 94% used [0x00000000ec300000,0x00000000ec5d9270,0x00000000ec600000)
  to   space 2560K, 0% used [0x00000000ec600000,0x00000000ec600000,0x00000000ec880000)
 ParOldGen       total 68608K, used 13296K [0x00000000c0000000, 0x00000000c4300000, 0x00000000eab00000)
  object space 68608K, 19% used [0x00000000c0000000,0x00000000c0cfc208,0x00000000c4300000)
 Metaspace       used 32994K, committed 33792K, reserved 1114112K
  class space    used 3234K, committed 3584K, reserved 1048576K
}
Event: 4.517 GC heap before
{Heap before GC invocations=11 (full 1):
 PSYoungGen      total 26624K, used 26468K [0x00000000eab00000, 0x00000000ec880000, 0x0000000100000000)
  eden space 23552K, 100% used [0x00000000eab00000,0x00000000ec200000,0x00000000ec200000)
  from space 3072K, 94% used [0x00000000ec300000,0x00000000ec5d9270,0x00000000ec600000)
  to   space 2560K, 0% used [0x00000000ec600000,0x00000000ec600000,0x00000000ec880000)
 ParOldGen       total 68608K, used 13296K [0x00000000c0000000, 0x00000000c4300000, 0x00000000eab00000)
  object space 68608K, 19% used [0x00000000c0000000,0x00000000c0cfc208,0x00000000c4300000)
 Metaspace       used 34923K, committed 35648K, reserved 1114112K
  class space    used 3417K, committed 3712K, reserved 1048576K
}
Event: 4.518 GC heap after
{Heap after GC invocations=11 (full 1):
 PSYoungGen      total 25600K, used 2106K [0x00000000eab00000, 0x00000000ec880000, 0x0000000100000000)
  eden space 23040K, 0% used [0x00000000eab00000,0x00000000eab00000,0x00000000ec180000)
  from space 2560K, 82% used [0x00000000ec600000,0x00000000ec80ebe8,0x00000000ec880000)
  to   space 2560K, 0% used [0x00000000ec380000,0x00000000ec380000,0x00000000ec600000)
 ParOldGen       total 68608K, used 14924K [0x00000000c0000000, 0x00000000c4300000, 0x00000000eab00000)
  object space 68608K, 21% used [0x00000000c0000000,0x00000000c0e933a8,0x00000000c4300000)
 Metaspace       used 34923K, committed 35648K, reserved 1114112K
  class space    used 3417K, committed 3712K, reserved 1048576K
}
Event: 4.533 GC heap before
{Heap before GC invocations=12 (full 1):
 PSYoungGen      total 25600K, used 3002K [0x00000000eab00000, 0x00000000ec880000, 0x0000000100000000)
  eden space 23040K, 3% used [0x00000000eab00000,0x00000000eabdff10,0x00000000ec180000)
  from space 2560K, 82% used [0x00000000ec600000,0x00000000ec80ebe8,0x00000000ec880000)
  to   space 2560K, 0% used [0x00000000ec380000,0x00000000ec380000,0x00000000ec600000)
 ParOldGen       total 68608K, used 14924K [0x00000000c0000000, 0x00000000c4300000, 0x00000000eab00000)
  object space 68608K, 21% used [0x00000000c0000000,0x00000000c0e933a8,0x00000000c4300000)
 Metaspace       used 35022K, committed 35840K, reserved 1114112K
  class space    used 3432K, committed 3776K, reserved 1048576K
}
Event: 4.536 GC heap after
{Heap after GC invocations=12 (full 1):
 PSYoungGen      total 23552K, used 224K [0x00000000eab00000, 0x00000000ec680000, 0x0000000100000000)
  eden space 23040K, 0% used [0x00000000eab00000,0x00000000eab00000,0x00000000ec180000)
  from space 512K, 43% used [0x00000000ec380000,0x00000000ec3b8000,0x00000000ec400000)
  to   space 1024K, 0% used [0x00000000ec580000,0x00000000ec580000,0x00000000ec680000)
 ParOldGen       total 68608K, used 16924K [0x00000000c0000000, 0x00000000c4300000, 0x00000000eab00000)
  object space 68608K, 24% used [0x00000000c0000000,0x00000000c10871a0,0x00000000c4300000)
 Metaspace       used 35022K, committed 35840K, reserved 1114112K
  class space    used 3432K, committed 3776K, reserved 1048576K
}
Event: 4.536 GC heap before
{Heap before GC invocations=13 (full 2):
 PSYoungGen      total 23552K, used 224K [0x00000000eab00000, 0x00000000ec680000, 0x0000000100000000)
  eden space 23040K, 0% used [0x00000000eab00000,0x00000000eab00000,0x00000000ec180000)
  from space 512K, 43% used [0x00000000ec380000,0x00000000ec3b8000,0x00000000ec400000)
  to   space 1024K, 0% used [0x00000000ec580000,0x00000000ec580000,0x00000000ec680000)
 ParOldGen       total 68608K, used 16924K [0x00000000c0000000, 0x00000000c4300000, 0x00000000eab00000)
  object space 68608K, 24% used [0x00000000c0000000,0x00000000c10871a0,0x00000000c4300000)
 Metaspace       used 35022K, committed 35840K, reserved 1114112K
  class space    used 3432K, committed 3776K, reserved 1048576K
}
Event: 4.569 GC heap after
{Heap after GC invocations=13 (full 2):
 PSYoungGen      total 23552K, used 0K [0x00000000eab00000, 0x00000000ec680000, 0x0000000100000000)
  eden space 23040K, 0% used [0x00000000eab00000,0x00000000eab00000,0x00000000ec180000)
  from space 512K, 0% used [0x00000000ec380000,0x00000000ec380000,0x00000000ec400000)
  to   space 1024K, 0% used [0x00000000ec580000,0x00000000ec580000,0x00000000ec680000)
 ParOldGen       total 68608K, used 15217K [0x00000000c0000000, 0x00000000c4300000, 0x00000000eab00000)
  object space 68608K, 22% used [0x00000000c0000000,0x00000000c0edc7a0,0x00000000c4300000)
 Metaspace       used 35009K, committed 35840K, reserved 1114112K
  class space    used 3429K, committed 3776K, reserved 1048576K
}
Event: 4.927 GC heap before
{Heap before GC invocations=14 (full 2):
 PSYoungGen      total 23552K, used 23039K [0x00000000eab00000, 0x00000000ec680000, 0x0000000100000000)
  eden space 23040K, 99% used [0x00000000eab00000,0x00000000ec17fff8,0x00000000ec180000)
  from space 512K, 0% used [0x00000000ec380000,0x00000000ec380000,0x00000000ec400000)
  to   space 1024K, 0% used [0x00000000ec580000,0x00000000ec580000,0x00000000ec680000)
 ParOldGen       total 68608K, used 15217K [0x00000000c0000000, 0x00000000c4300000, 0x00000000eab00000)
  object space 68608K, 22% used [0x00000000c0000000,0x00000000c0edc7a0,0x00000000c4300000)
 Metaspace       used 38338K, committed 39232K, reserved 1114112K
  class space    used 3851K, committed 4224K, reserved 1048576K
}
Event: 4.929 GC heap after
{Heap after GC invocations=14 (full 2):
 PSYoungGen      total 23552K, used 1023K [0x00000000eab00000, 0x00000000ec680000, 0x0000000100000000)
  eden space 22528K, 0% used [0x00000000eab00000,0x00000000eab00000,0x00000000ec100000)
  from space 1024K, 99% used [0x00000000ec580000,0x00000000ec67fc30,0x00000000ec680000)
  to   space 1536K, 0% used [0x00000000ec380000,0x00000000ec380000,0x00000000ec500000)
 ParOldGen       total 68608K, used 15249K [0x00000000c0000000, 0x00000000c4300000, 0x00000000eab00000)
  object space 68608K, 22% used [0x00000000c0000000,0x00000000c0ee47a0,0x00000000c4300000)
 Metaspace       used 38338K, committed 39232K, reserved 1114112K
  class space    used 3851K, committed 4224K, reserved 1048576K
}
Event: 5.157 GC heap before
{Heap before GC invocations=15 (full 2):
 PSYoungGen      total 23552K, used 23526K [0x00000000eab00000, 0x00000000ec680000, 0x0000000100000000)
  eden space 22528K, 99% used [0x00000000eab00000,0x00000000ec0f9e18,0x00000000ec100000)
  from space 1024K, 99% used [0x00000000ec580000,0x00000000ec67fc30,0x00000000ec680000)
  to   space 1536K, 0% used [0x00000000ec380000,0x00000000ec380000,0x00000000ec500000)
 ParOldGen       total 68608K, used 15249K [0x00000000c0000000, 0x00000000c4300000, 0x00000000eab00000)
  object space 68608K, 22% used [0x00000000c0000000,0x00000000c0ee47a0,0x00000000c4300000)
 Metaspace       used 40927K, committed 41920K, reserved 1114112K
  class space    used 4221K, committed 4672K, reserved 1048576K
}
Event: 5.159 GC heap after
{Heap after GC invocations=15 (full 2):
 PSYoungGen      total 23552K, used 640K [0x00000000eab00000, 0x00000000ec600000, 0x0000000100000000)
  eden space 22016K, 0% used [0x00000000eab00000,0x00000000eab00000,0x00000000ec080000)
  from space 1536K, 41% used [0x00000000ec380000,0x00000000ec420000,0x00000000ec500000)
  to   space 1024K, 0% used [0x00000000ec500000,0x00000000ec500000,0x00000000ec600000)
 ParOldGen       total 68608K, used 16190K [0x00000000c0000000, 0x00000000c4300000, 0x00000000eab00000)
  object space 68608K, 23% used [0x00000000c0000000,0x00000000c0fcfb90,0x00000000c4300000)
 Metaspace       used 40927K, committed 41920K, reserved 1114112K
  class space    used 4221K, committed 4672K, reserved 1048576K
}
Event: 5.333 GC heap before
{Heap before GC invocations=16 (full 2):
 PSYoungGen      total 23552K, used 22656K [0x00000000eab00000, 0x00000000ec600000, 0x0000000100000000)
  eden space 22016K, 100% used [0x00000000eab00000,0x00000000ec080000,0x00000000ec080000)
  from space 1536K, 41% used [0x00000000ec380000,0x00000000ec420000,0x00000000ec500000)
  to   space 1024K, 0% used [0x00000000ec500000,0x00000000ec500000,0x00000000ec600000)
 ParOldGen       total 68608K, used 16190K [0x00000000c0000000, 0x00000000c4300000, 0x00000000eab00000)
  object space 68608K, 23% used [0x00000000c0000000,0x00000000c0fcfba8,0x00000000c4300000)
 Metaspace       used 42779K, committed 43776K, reserved 1114112K
  class space    used 4463K, committed 4928K, reserved 1048576K
}
Event: 5.335 GC heap after
{Heap after GC invocations=16 (full 2):
 PSYoungGen      total 23040K, used 832K [0x00000000eab00000, 0x00000000ec600000, 0x0000000100000000)
  eden space 22016K, 0% used [0x00000000eab00000,0x00000000eab00000,0x00000000ec080000)
  from space 1024K, 81% used [0x00000000ec500000,0x00000000ec5d0000,0x00000000ec600000)
  to   space 1024K, 0% used [0x00000000ec400000,0x00000000ec400000,0x00000000ec500000)
 ParOldGen       total 68608K, used 16784K [0x00000000c0000000, 0x00000000c4300000, 0x00000000eab00000)
  object space 68608K, 24% used [0x00000000c0000000,0x00000000c10643e8,0x00000000c4300000)
 Metaspace       used 42779K, committed 43776K, reserved 1114112K
  class space    used 4463K, committed 4928K, reserved 1048576K
}
Event: 5.453 GC heap before
{Heap before GC invocations=17 (full 2):
 PSYoungGen      total 23040K, used 22848K [0x00000000eab00000, 0x00000000ec600000, 0x0000000100000000)
  eden space 22016K, 100% used [0x00000000eab00000,0x00000000ec080000,0x00000000ec080000)
  from space 1024K, 81% used [0x00000000ec500000,0x00000000ec5d0000,0x00000000ec600000)
  to   space 1024K, 0% used [0x00000000ec400000,0x00000000ec400000,0x00000000ec500000)
 ParOldGen       total 68608K, used 16800K [0x00000000c0000000, 0x00000000c4300000, 0x00000000eab00000)
  object space 68608K, 24% used [0x00000000c0000000,0x00000000c1068060,0x00000000c4300000)
 Metaspace       used 43972K, committed 44992K, reserved 1114112K
  class space    used 4618K, committed 5056K, reserved 1048576K
}
Event: 5.456 GC heap after
{Heap after GC invocations=17 (full 2):
 PSYoungGen      total 23040K, used 964K [0x00000000eab00000, 0x00000000ec580000, 0x0000000100000000)
  eden space 22016K, 0% used [0x00000000eab00000,0x00000000eab00000,0x00000000ec080000)
  from space 1024K, 94% used [0x00000000ec400000,0x00000000ec4f1140,0x00000000ec500000)
  to   space 512K, 0% used [0x00000000ec500000,0x00000000ec500000,0x00000000ec580000)
 ParOldGen       total 68608K, used 17454K [0x00000000c0000000, 0x00000000c4300000, 0x00000000eab00000)
  object space 68608K, 25% used [0x00000000c0000000,0x00000000c110ba60,0x00000000c4300000)
 Metaspace       used 43972K, committed 44992K, reserved 1114112K
  class space    used 4618K, committed 5056K, reserved 1048576K
}
Event: 5.766 GC heap before
{Heap before GC invocations=18 (full 2):
 PSYoungGen      total 23040K, used 22980K [0x00000000eab00000, 0x00000000ec580000, 0x0000000100000000)
  eden space 22016K, 100% used [0x00000000eab00000,0x00000000ec080000,0x00000000ec080000)
  from space 1024K, 94% used [0x00000000ec400000,0x00000000ec4f1140,0x00000000ec500000)
  to   space 512K, 0% used [0x00000000ec500000,0x00000000ec500000,0x00000000ec580000)
 ParOldGen       total 68608K, used 17454K [0x00000000c0000000, 0x00000000c4300000, 0x00000000eab00000)
  object space 68608K, 25% used [0x00000000c0000000,0x00000000c110ba60,0x00000000c4300000)
 Metaspace       used 46434K, committed 47424K, reserved 1114112K
  class space    used 4931K, committed 5376K, reserved 1048576K
}
Event: 5.768 GC heap after
{Heap after GC invocations=18 (full 2):
 PSYoungGen      total 22528K, used 512K [0x00000000eab00000, 0x00000000ec580000, 0x0000000100000000)
  eden space 22016K, 0% used [0x00000000eab00000,0x00000000eab00000,0x00000000ec080000)
  from space 512K, 100% used [0x00000000ec500000,0x00000000ec580000,0x00000000ec580000)
  to   space 2560K, 0% used [0x00000000ec080000,0x00000000ec080000,0x00000000ec300000)
 ParOldGen       total 68608K, used 19161K [0x00000000c0000000, 0x00000000c4300000, 0x00000000eab00000)
  object space 68608K, 27% used [0x00000000c0000000,0x00000000c12b6648,0x00000000c4300000)
 Metaspace       used 46434K, committed 47424K, reserved 1114112K
  class space    used 4931K, committed 5376K, reserved 1048576K
}

